[0111/151135.457:ERROR:directory_reader_win.cc(43)] FindFirstFile: El sistema no puede encontrar la ruta especificada. (0x3)
[0112/151211.808:ERROR:process_reader_win.cc(123)] NtOpenThread: {Acceso denegado} Un proceso ha solicitado acceso a un objeto, pero no se le han concedido esos derechos de acceso. (0xc0000022)
[0112/151211.808:ERROR:process_reader_win.cc(123)] NtOpenThread: {Acceso denegado} Un proceso ha solicitado acceso a un objeto, pero no se le han concedido esos derechos de acceso. (0xc0000022)
[0112/151211.816:ERROR:exception_snapshot_win.cc(99)] thread ID 236 not found in process
[0112/151211.816:ERROR:exception_snapshot_win.cc(99)] thread ID 6096 not found in process
[0112/151211.840:ERROR:process_reader_win.cc(123)] NtOpenThread: {Acceso denegado} Un proceso ha solicitado acceso a un objeto, pero no se le han concedido esos derechos de acceso. (0xc0000022)
[0112/151211.840:ERROR:exception_snapshot_win.cc(99)] thread ID 6828 not found in process
[0112/151211.864:ERROR:process_reader_win.cc(123)] NtOpenThread: {Acceso denegado} Un proceso ha solicitado acceso a un objeto, pero no se le han concedido esos derechos de acceso. (0xc0000022)
[0112/151211.864:ERROR:exception_snapshot_win.cc(99)] thread ID 24524 not found in process
[0112/151211.904:ERROR:process_reader_win.cc(123)] NtOpenThread: {Acceso denegado} Un proceso ha solicitado acceso a un objeto, pero no se le han concedido esos derechos de acceso. (0xc0000022)
[0112/151211.904:ERROR:exception_snapshot_win.cc(99)] thread ID 12552 not found in process
[0112/151211.912:ERROR:process_reader_win.cc(123)] NtOpenThread: {Acceso denegado} Un proceso ha solicitado acceso a un objeto, pero no se le han concedido esos derechos de acceso. (0xc0000022)
[0112/151211.912:ERROR:exception_snapshot_win.cc(99)] thread ID 22624 not found in process
[0112/151211.912:ERROR:process_reader_win.cc(123)] NtOpenThread: {Acceso denegado} Un proceso ha solicitado acceso a un objeto, pero no se le han concedido esos derechos de acceso. (0xc0000022)
[0112/151211.912:ERROR:exception_snapshot_win.cc(99)] thread ID 26636 not found in process
[0112/151211.920:ERROR:process_reader_win.cc(123)] NtOpenThread: {Acceso denegado} Un proceso ha solicitado acceso a un objeto, pero no se le han concedido esos derechos de acceso. (0xc0000022)
[0112/151211.920:ERROR:exception_snapshot_win.cc(99)] thread ID 17688 not found in process
[0112/151211.920:ERROR:process_reader_win.cc(123)] NtOpenThread: {Acceso denegado} Un proceso ha solicitado acceso a un objeto, pero no se le han concedido esos derechos de acceso. (0xc0000022)
[0112/151211.920:ERROR:exception_snapshot_win.cc(99)] thread ID 16792 not found in process
[0112/151212.179:ERROR:process_info.cc(329)] VirtualQueryEx: Acceso denegado. (0x5)
[0112/151212.179:ERROR:process_info.cc(556)] ReadMemoryInfo failed
[0112/151212.179:ERROR:process_memory_win.cc(39)] Failed to initialize ProcessInfo.
[0112/151212.179:ERROR:scoped_process_suspend.cc(40)] NtResumeProcess: Se intentó obtener acceso a un proceso que está cerrándose. (0xc000010a)
[0117/160729.272:ERROR:directory_reader_win.cc(43)] FindFirstFile: El sistema no puede encontrar la ruta especificada. (0x3)
[0119/195302.470:ERROR:directory_reader_win.cc(43)] FindFirstFile: El sistema no puede encontrar la ruta especificada. (0x3)
